<?xml version="1.0" encoding="UTF-8"?>
<coverage generated="1699872321309" clover="3.2.0">
  <project timestamp="1699872321309" name="All files">
    <metrics statements="29" coveredstatements="13" conditionals="6" coveredconditionals="1" methods="2" coveredmethods="1" elements="37" coveredelements="15" complexity="0" loc="29" ncloc="29" packages="2" files="3" classes="3"/>
    <package name="controller">
      <metrics statements="23" coveredstatements="7" conditionals="6" coveredconditionals="1" methods="2" coveredmethods="1"/>
      <file name="uploadController.ts" path="/home/user/Documents/nodepoc/jsonyamlvalidationandinsertion/controller/uploadController.ts">
        <metrics statements="23" coveredstatements="7" conditionals="6" coveredconditionals="1" methods="2" coveredmethods="1"/>
        <line num="79" count="1" type="stmt"/>
        <line num="81" count="1" type="stmt"/>
        <line num="104" count="1" type="stmt"/>
        <line num="105" count="3" type="stmt"/>
        <line num="106" count="3" type="stmt"/>
        <line num="108" count="3" type="cond" truecount="1" falsecount="1"/>
        <line num="109" count="3" type="stmt"/>
        <line num="112" count="0" type="stmt"/>
        <line num="113" count="0" type="cond" truecount="0" falsecount="2"/>
        <line num="114" count="0" type="stmt"/>
        <line num="117" count="0" type="stmt"/>
        <line num="118" count="0" type="stmt"/>
        <line num="120" count="0" type="stmt"/>
        <line num="121" count="0" type="stmt"/>
        <line num="123" count="0" type="cond" truecount="0" falsecount="2"/>
        <line num="124" count="0" type="stmt"/>
        <line num="126" count="0" type="stmt"/>
        <line num="127" count="0" type="stmt"/>
        <line num="128" count="0" type="stmt"/>
        <line num="130" count="0" type="stmt"/>
        <line num="131" count="0" type="stmt"/>
        <line num="136" count="0" type="stmt"/>
        <line num="137" count="0" type="stmt"/>
      </file>
    </package>
    <package name="db">
      <metrics statements="6" coveredstatements="6" conditionals="0" coveredconditionals="0" methods="0" coveredmethods="0"/>
      <file name="connection.ts" path="/home/user/Documents/nodepoc/jsonyamlvalidationandinsertion/db/connection.ts">
        <metrics statements="3" coveredstatements="3" conditionals="0" coveredconditionals="0" methods="0" coveredmethods="0"/>
        <line num="5" count="1" type="stmt"/>
        <line num="13" count="1" type="stmt"/>
        <line num="14" count="1" type="stmt"/>
      </file>
      <file name="employee.ts" path="/home/user/Documents/nodepoc/jsonyamlvalidationandinsertion/db/employee.ts">
        <metrics statements="3" coveredstatements="3" conditionals="0" coveredconditionals="0" methods="0" coveredmethods="0"/>
        <line num="6" count="1" type="stmt"/>
        <line num="20" count="1" type="stmt"/>
        <line num="21" count="1" type="stmt"/>
      </file>
    </package>
  </project>
</coverage>
