{"/home/user/Documents/nodepoc/jsonyamlvalidationandinsertion/controller/uploadController.ts": {"path":"/home/user/Documents/nodepoc/jsonyamlvalidationandinsertion/controller/uploadController.ts","statementMap":{"0":{"start":{"line":79,"column":12},"end":{"line":79,"column":21}},"1":{"start":{"line":81,"column":15},"end":{"line":102,"column":1}},"2":{"start":{"line":104,"column":26},"end":{"line":139,"column":1}},"3":{"start":{"line":105,"column":2},"end":{"line":138,"column":3}},"4":{"start":{"line":106,"column":58},"end":{"line":106,"column":66}},"5":{"start":{"line":108,"column":4},"end":{"line":110,"column":5}},"6":{"start":{"line":109,"column":6},"end":{"line":109,"column":65}},"7":{"start":{"line":112,"column":4},"end":{"line":133,"column":7}},"8":{"start":{"line":113,"column":6},"end":{"line":115,"column":7}},"9":{"start":{"line":114,"column":8},"end":{"line":114,"column":82}},"10":{"start":{"line":117,"column":23},"end":{"line":117,"column":39}},"11":{"start":{"line":118,"column":6},"end":{"line":118,"column":41}},"12":{"start":{"line":120,"column":23},"end":{"line":120,"column":42}},"13":{"start":{"line":121,"column":20},"end":{"line":121,"column":38}},"14":{"start":{"line":123,"column":6},"end":{"line":125,"column":7}},"15":{"start":{"line":124,"column":8},"end":{"line":124,"column":93}},"16":{"start":{"line":126,"column":6},"end":{"line":132,"column":7}},"17":{"start":{"line":127,"column":8},"end":{"line":127,"column":60}},"18":{"start":{"line":128,"column":8},"end":{"line":128,"column":95}},"19":{"start":{"line":130,"column":8},"end":{"line":130,"column":72}},"20":{"start":{"line":131,"column":8},"end":{"line":131,"column":65}},"21":{"start":{"line":136,"column":4},"end":{"line":136,"column":54}},"22":{"start":{"line":137,"column":4},"end":{"line":137,"column":61}}},"fnMap":{"0":{"name":"(anonymous_0)","decl":{"start":{"line":104,"column":26},"end":{"line":104,"column":27}},"loc":{"start":{"line":104,"column":59},"end":{"line":139,"column":1}},"line":104},"1":{"name":"(anonymous_1)","decl":{"start":{"line":112,"column":43},"end":{"line":112,"column":44}},"loc":{"start":{"line":112,"column":64},"end":{"line":133,"column":5}},"line":112}},"branchMap":{"0":{"loc":{"start":{"line":108,"column":4},"end":{"line":110,"column":5}},"type":"if","locations":[{"start":{"line":108,"column":4},"end":{"line":110,"column":5}},{"start":{},"end":{}}],"line":108},"1":{"loc":{"start":{"line":113,"column":6},"end":{"line":115,"column":7}},"type":"if","locations":[{"start":{"line":113,"column":6},"end":{"line":115,"column":7}},{"start":{},"end":{}}],"line":113},"2":{"loc":{"start":{"line":123,"column":6},"end":{"line":125,"column":7}},"type":"if","locations":[{"start":{"line":123,"column":6},"end":{"line":125,"column":7}},{"start":{},"end":{}}],"line":123}},"s":{"0":1,"1":1,"2":1,"3":3,"4":3,"5":3,"6":3,"7":0,"8":0,"9":0,"10":0,"11":0,"12":0,"13":0,"14":0,"15":0,"16":0,"17":0,"18":0,"19":0,"20":0,"21":0,"22":0},"f":{"0":3,"1":0},"b":{"0":[3,0],"1":[0,0],"2":[0,0]},"_coverageSchema":"1a1c01bbd47fc00a2c39e90264f33305004495a9","hash":"97e1c293cc2bdef6bbe9df107ce54b188e37e849"}
,"/home/user/Documents/nodepoc/jsonyamlvalidationandinsertion/db/connection.ts": {"path":"/home/user/Documents/nodepoc/jsonyamlvalidationandinsertion/db/connection.ts","statementMap":{"0":{"start":{"line":5,"column":15},"end":{"line":11,"column":2}},"1":{"start":{"line":13,"column":0},"end":{"line":13,"column":17}},"2":{"start":{"line":14,"column":28},"end":{"line":14,"column":43}}},"fnMap":{},"branchMap":{},"s":{"0":1,"1":1,"2":1},"f":{},"b":{},"_coverageSchema":"1a1c01bbd47fc00a2c39e90264f33305004495a9","hash":"26d6ddba16dc32576a0a107ef33dd217892b11e0"}
,"/home/user/Documents/nodepoc/jsonyamlvalidationandinsertion/db/employee.ts": {"path":"/home/user/Documents/nodepoc/jsonyamlvalidationandinsertion/db/employee.ts","statementMap":{"0":{"start":{"line":6,"column":24},"end":{"line":14,"column":4}},"1":{"start":{"line":20,"column":30},"end":{"line":20,"column":58}},"2":{"start":{"line":21,"column":30},"end":{"line":21,"column":58}}},"fnMap":{},"branchMap":{},"s":{"0":1,"1":1,"2":1},"f":{},"b":{},"_coverageSchema":"1a1c01bbd47fc00a2c39e90264f33305004495a9","hash":"0abcc65cf9888406289e64c3cf2e6dfc0ba0f90d"}
}
