TN:
SF:controller/uploadController.ts
FN:104,(anonymous_0)
FN:112,(anonymous_1)
FNF:2
FNH:1
FNDA:3,(anonymous_0)
FNDA:0,(anonymous_1)
DA:79,1
DA:81,1
DA:104,1
DA:105,3
DA:106,3
DA:108,3
DA:109,3
DA:112,0
DA:113,0
DA:114,0
DA:117,0
DA:118,0
DA:120,0
DA:121,0
DA:123,0
DA:124,0
DA:126,0
DA:127,0
DA:128,0
DA:130,0
DA:131,0
DA:136,0
DA:137,0
LF:23
LH:7
BRDA:108,0,0,3
BRDA:108,0,1,0
BRDA:113,1,0,0
BRDA:113,1,1,0
BRDA:123,2,0,0
BRDA:123,2,1,0
BRF:6
BRH:1
end_of_record
TN:
SF:db/connection.ts
FNF:0
FNH:0
DA:5,1
DA:13,1
DA:14,1
LF:3
LH:3
BRF:0
BRH:0
end_of_record
TN:
SF:db/employee.ts
FNF:0
FNH:0
DA:6,1
DA:20,1
DA:21,1
LF:3
LH:3
BRF:0
BRH:0
end_of_record
